wn280.scope.unina.it
wn280.scope.unina.it
wn280.scope.unina.it
wn280.scope.unina.it
wn280.scope.unina.it
wn280.scope.unina.it
wn280.scope.unina.it
wn280.scope.unina.it
wn279.scope.unina.it
wn279.scope.unina.it
wn279.scope.unina.it
wn279.scope.unina.it
wn279.scope.unina.it
wn279.scope.unina.it
wn279.scope.unina.it
wn279.scope.unina.it
wn278.scope.unina.it
wn278.scope.unina.it
wn278.scope.unina.it
wn278.scope.unina.it
wn278.scope.unina.it
wn278.scope.unina.it
wn278.scope.unina.it
wn278.scope.unina.it
wn277.scope.unina.it
wn277.scope.unina.it
wn277.scope.unina.it
wn277.scope.unina.it
wn277.scope.unina.it
wn277.scope.unina.it
wn277.scope.unina.it
wn277.scope.unina.it
wn276.scope.unina.it
wn276.scope.unina.it
wn276.scope.unina.it
wn276.scope.unina.it
wn276.scope.unina.it
wn276.scope.unina.it
wn276.scope.unina.it
wn276.scope.unina.it
wn275.scope.unina.it
wn275.scope.unina.it
wn275.scope.unina.it
wn275.scope.unina.it
wn275.scope.unina.it
wn275.scope.unina.it
wn275.scope.unina.it
wn275.scope.unina.it
wn274.scope.unina.it
wn274.scope.unina.it
wn274.scope.unina.it
wn274.scope.unina.it
wn274.scope.unina.it
wn274.scope.unina.it
wn274.scope.unina.it
wn274.scope.unina.it
wn273.scope.unina.it
wn273.scope.unina.it
wn273.scope.unina.it
wn273.scope.unina.it
wn273.scope.unina.it
wn273.scope.unina.it
wn273.scope.unina.it
wn273.scope.unina.it
------------------------------------------------------
PBS: qsub is running on ui-studenti.scope.unina.it
PBS: originating queue is studenti
PBS: executing queue is studenti
PBS: working directory is /homes/DMA/PDC/2024/DLSFDN02S/sommanumeri
PBS: execution mode is PBS_BATCH
PBS: job identifier is 4011554.torque02.scope.unina.it
PBS: job name is sommas1p2
PBS: node file is /var/spool/pbs/aux//4011554.torque02.scope.unina.it
PBS: current home directory is /homes/DMA/PDC/2024/DLSFDN02S
PBS: PATH = /usr/lib64/openmpi/1.2.7-gcc/bin:/usr/kerberos/bin:/opt/exp_soft/unina.it/intel/composer_xe_2013_sp1.3.174/bin/intel64:/opt/exp_soft/unina.it/intel/composer_xe_2013_sp1.3.174/mpirt/bin/intel64:/opt/exp_soft/unina.it/intel/composer_xe_2013_sp1.3.174/bin/intel64:/opt/exp_soft/unina.it/intel/composer_xe_2013_sp1.3.174/bin/intel64_mic:/opt/exp_soft/unina.it/intel/composer_xe_2013_sp1.3.174/debugger/gui/intel64:/opt/d-cache/srm/bin:/opt/d-cache/dcap/bin:/opt/edg/bin:/opt/glite/bin:/opt/globus/bin:/opt/lcg/bin:/usr/local/bin:/bin:/usr/bin:/opt/exp_soft/HADOOP/hadoop-1.0.3/bin:/opt/exp_soft/unina.it/intel/composerxe/bin/intel64/:/opt/exp_soft/unina.it/MPJExpress/mpj-v0_38/bin:/homes/DMA/PDC/2024/DLSFDN02S/bin
------------------------------------------------------
La somma totale calcolata con la prima strategia e' 2900000
La somma totale calcolata con la prima strategia e' 2996387
La somma totale calcolata con la prima strategia e' 4800000
La somma totale calcolata con la prima strategia e' 4800000
La somma totale calcolata con la prima strategia e' 4800000
La somma totale calcolata con la prima strategia e' 4800000
La somma totale calcolata con la prima strategia e' 3529104
La somma totale calcolata con la prima strategia e' 2600000
La somma totale calcolata con la prima strategia e' 2600000
La somma totale calcolata con la prima strategia e' 2600000
Strategia usata: 1,
Numero di input: 100000,
Numero di processori:1,
Tempo impiegato: 3.951311e-04



La somma totale calcolata con la prima strategia e' 8100000
La somma totale calcolata con la prima strategia e' 8100000
La somma totale calcolata con la prima strategia e' 8100000
La somma totale calcolata con la prima strategia e' 8066494
La somma totale calcolata con la prima strategia e' 7900000
La somma totale calcolata con la prima strategia e' 7900000
La somma totale calcolata con la prima strategia e' 7900000
La somma totale calcolata con la prima strategia e' 7900000
La somma totale calcolata con la prima strategia e' 5834560
La somma totale calcolata con la prima strategia e' 4900000
Strategia usata: 1,
Numero di input: 100000,
Numero di processori:2,
Tempo impiegato: 2.390385e-04



La somma totale calcolata con la prima strategia e' 4900000
La somma totale calcolata con la prima strategia e' 5700000
La somma totale calcolata con la prima strategia e' 5700000
La somma totale calcolata con la prima strategia e' 5700000
La somma totale calcolata con la prima strategia e' 5700000
La somma totale calcolata con la prima strategia e' 6140704
La somma totale calcolata con la prima strategia e' 6500000
La somma totale calcolata con la prima strategia e' 6500000
La somma totale calcolata con la prima strategia e' 6500000
La somma totale calcolata con la prima strategia e' 5917600
Strategia usata: 1,
Numero di input: 100000,
Numero di processori:3,
Tempo impiegato: 1.800776e-04



La somma totale calcolata con la prima strategia e' 100000
La somma totale calcolata con la prima strategia e' 100000
La somma totale calcolata con la prima strategia e' 1346896
La somma totale calcolata con la prima strategia e' 2200000
La somma totale calcolata con la prima strategia e' 2200000
La somma totale calcolata con la prima strategia e' 2200000
La somma totale calcolata con la prima strategia e' 2696944
La somma totale calcolata con la prima strategia e' 6400000
La somma totale calcolata con la prima strategia e' 6400000
La somma totale calcolata con la prima strategia e' 6400000
Strategia usata: 1,
Numero di input: 100000,
Numero di processori:4,
Tempo impiegato: 1.732826e-04



La somma totale calcolata con la prima strategia e' 5700000
La somma totale calcolata con la prima strategia e' 5700000
La somma totale calcolata con la prima strategia e' 5700000
La somma totale calcolata con la prima strategia e' 4163500
La somma totale calcolata con la prima strategia e' 2900000
La somma totale calcolata con la prima strategia e' 2900000
La somma totale calcolata con la prima strategia e' 2900000
La somma totale calcolata con la prima strategia e' 2925266
La somma totale calcolata con la prima strategia e' 3200000
La somma totale calcolata con la prima strategia e' 3200000
Strategia usata: 1,
Numero di input: 100000,
Numero di processori:5,
Tempo impiegato: 1.565456e-04



La somma totale calcolata con la prima strategia e' 2300000
La somma totale calcolata con la prima strategia e' 2300000
La somma totale calcolata con la prima strategia e' 2300000
La somma totale calcolata con la prima strategia e' 2300000
La somma totale calcolata con la prima strategia e' 3396623
La somma totale calcolata con la prima strategia e' 3400000
La somma totale calcolata con la prima strategia e' 3400000
La somma totale calcolata con la prima strategia e' 3400000
La somma totale calcolata con la prima strategia e' 4676968
La somma totale calcolata con la prima strategia e' 5800000
Strategia usata: 1,
Numero di input: 100000,
Numero di processori:6,
Tempo impiegato: 1.748800e-04



La somma totale calcolata con la prima strategia e' 4010251
La somma totale calcolata con la prima strategia e' 1900000
La somma totale calcolata con la prima strategia e' 1900000
La somma totale calcolata con la prima strategia e' 1900000
La somma totale calcolata con la prima strategia e' 5007280
La somma totale calcolata con la prima strategia e' 8500000
La somma totale calcolata con la prima strategia e' 8500000
La somma totale calcolata con la prima strategia e' 8500000
La somma totale calcolata con la prima strategia e' 8440216
La somma totale calcolata con la prima strategia e' 3200000
Strategia usata: 1,
Numero di input: 100000,
Numero di processori:7,
Tempo impiegato: 2.081037e-03



La somma totale calcolata con la prima strategia e' 3200000
La somma totale calcolata con la prima strategia e' 7800000
La somma totale calcolata con la prima strategia e' 7800000
La somma totale calcolata con la prima strategia e' 7800000
La somma totale calcolata con la prima strategia e' 7800000
La somma totale calcolata con la prima strategia e' 8539917
La somma totale calcolata con la prima strategia e' 8700000
La somma totale calcolata con la prima strategia e' 8700000
La somma totale calcolata con la prima strategia e' 8700000
La somma totale calcolata con la prima strategia e' 6941250
Strategia usata: 1,
Numero di input: 100000,
Numero di processori:8,
Tempo impiegato: 1.906872e-04



La somma totale calcolata con la prima strategia e' 27505279
La somma totale calcolata con la prima strategia e' 19585931
La somma totale calcolata con la prima strategia e' 76959005
La somma totale calcolata con la prima strategia e' 64448935
La somma totale calcolata con la prima strategia e' 30792224
La somma totale calcolata con la prima strategia e' 76384559
La somma totale calcolata con la prima strategia e' 57418632
La somma totale calcolata con la prima strategia e' 39602092
La somma totale calcolata con la prima strategia e' 54308237
La somma totale calcolata con la prima strategia e' 34373031
Strategia usata: 1,
Numero di input: 1000000,
Numero di processori:1,
Tempo impiegato: 3.986192e-03



La somma totale calcolata con la prima strategia e' 48954110
La somma totale calcolata con la prima strategia e' 58420432
La somma totale calcolata con la prima strategia e' 60172791
La somma totale calcolata con la prima strategia e' 54208705
La somma totale calcolata con la prima strategia e' 53579765
La somma totale calcolata con la prima strategia e' 38161500
La somma totale calcolata con la prima strategia e' 50649958
La somma totale calcolata con la prima strategia e' 72737020
La somma totale calcolata con la prima strategia e' 63166212
La somma totale calcolata con la prima strategia e' 28477434
Strategia usata: 1,
Numero di input: 1000000,
Numero di processori:2,
Tempo impiegato: 2.059317e-03



La somma totale calcolata con la prima strategia e' 72809458
La somma totale calcolata con la prima strategia e' 63082429
La somma totale calcolata con la prima strategia e' 15185020
La somma totale calcolata con la prima strategia e' 42797097
La somma totale calcolata con la prima strategia e' 38490115
La somma totale calcolata con la prima strategia e' 93691630
La somma totale calcolata con la prima strategia e' 57271238
La somma totale calcolata con la prima strategia e' 39429427
La somma totale calcolata con la prima strategia e' 20062382
La somma totale calcolata con la prima strategia e' 48345885
Strategia usata: 1,
Numero di input: 1000000,
Numero di processori:3,
Tempo impiegato: 1.394200e-03



La somma totale calcolata con la prima strategia e' 88448871
La somma totale calcolata con la prima strategia e' 66473150
La somma totale calcolata con la prima strategia e' 73787380
La somma totale calcolata con la prima strategia e' 44748220
La somma totale calcolata con la prima strategia e' 86407012
La somma totale calcolata con la prima strategia e' 67292229
La somma totale calcolata con la prima strategia e' 45221014
La somma totale calcolata con la prima strategia e' 35203759
La somma totale calcolata con la prima strategia e' 28019062
La somma totale calcolata con la prima strategia e' 61761039
Strategia usata: 1,
Numero di input: 1000000,
Numero di processori:4,
Tempo impiegato: 1.087403e-03



La somma totale calcolata con la prima strategia e' 37096278
La somma totale calcolata con la prima strategia e' 49952858
La somma totale calcolata con la prima strategia e' 57832476
La somma totale calcolata con la prima strategia e' 44493394
La somma totale calcolata con la prima strategia e' 51404758
La somma totale calcolata con la prima strategia e' 34101522
La somma totale calcolata con la prima strategia e' 21992559
La somma totale calcolata con la prima strategia e' 33928302
La somma totale calcolata con la prima strategia e' 57661678
La somma totale calcolata con la prima strategia e' 49890316
Strategia usata: 1,
Numero di input: 1000000,
Numero di processori:5,
Tempo impiegato: 8.659124e-04



La somma totale calcolata con la prima strategia e' 23482709
La somma totale calcolata con la prima strategia e' 56512384
La somma totale calcolata con la prima strategia e' 23726141
La somma totale calcolata con la prima strategia e' 79852368
La somma totale calcolata con la prima strategia e' 21500468
La somma totale calcolata con la prima strategia e' 57077493
La somma totale calcolata con la prima strategia e' 39639500
La somma totale calcolata con la prima strategia e' 39170367
La somma totale calcolata con la prima strategia e' 63640197
La somma totale calcolata con la prima strategia e' 24439976
Strategia usata: 1,
Numero di input: 1000000,
Numero di processori:6,
Tempo impiegato: 1.794720e-03



La somma totale calcolata con la prima strategia e' 33323454
La somma totale calcolata con la prima strategia e' 37905071
La somma totale calcolata con la prima strategia e' 57274073
La somma totale calcolata con la prima strategia e' 26073698
La somma totale calcolata con la prima strategia e' 65157723
La somma totale calcolata con la prima strategia e' 47032467
La somma totale calcolata con la prima strategia e' 56659240
La somma totale calcolata con la prima strategia e' 84866616
La somma totale calcolata con la prima strategia e' 49844675
La somma totale calcolata con la prima strategia e' 19199683
Strategia usata: 1,
Numero di input: 1000000,
Numero di processori:7,
Tempo impiegato: 2.573109e-03



La somma totale calcolata con la prima strategia e' 21732296
La somma totale calcolata con la prima strategia e' 40483352
La somma totale calcolata con la prima strategia e' 16382924
La somma totale calcolata con la prima strategia e' 60897355
La somma totale calcolata con la prima strategia e' 48049514
La somma totale calcolata con la prima strategia e' 78788340
La somma totale calcolata con la prima strategia e' 49672443
La somma totale calcolata con la prima strategia e' 83796992
La somma totale calcolata con la prima strategia e' 39305237
La somma totale calcolata con la prima strategia e' 87423592
Strategia usata: 1,
Numero di input: 1000000,
Numero di processori:8,
Tempo impiegato: 6.542921e-04



------------------------------------------------------
