wn280,scope,unina,it
wn280,scope,unina,it
wn280,scope,unina,it
wn280,scope,unina,it
wn280,scope,unina,it
wn280,scope,unina,it
wn280,scope,unina,it
wn280,scope,unina,it
wn279,scope,unina,it
wn279,scope,unina,it
wn279,scope,unina,it
wn279,scope,unina,it
wn279,scope,unina,it
wn279,scope,unina,it
wn279,scope,unina,it
wn279,scope,unina,it
wn278,scope,unina,it
wn278,scope,unina,it
wn278,scope,unina,it
wn278,scope,unina,it
wn278,scope,unina,it
wn278,scope,unina,it
wn278,scope,unina,it
wn278,scope,unina,it
wn277,scope,unina,it
wn277,scope,unina,it
wn277,scope,unina,it
wn277,scope,unina,it
wn277,scope,unina,it
wn277,scope,unina,it
wn277,scope,unina,it
wn277,scope,unina,it
wn276,scope,unina,it
wn276,scope,unina,it
wn276,scope,unina,it
wn276,scope,unina,it
wn276,scope,unina,it
wn276,scope,unina,it
wn276,scope,unina,it
wn276,scope,unina,it
wn275,scope,unina,it
wn275,scope,unina,it
wn275,scope,unina,it
wn275,scope,unina,it
wn275,scope,unina,it
wn275,scope,unina,it
wn275,scope,unina,it
wn275,scope,unina,it
wn274,scope,unina,it
wn274,scope,unina,it
wn274,scope,unina,it
wn274,scope,unina,it
wn274,scope,unina,it
wn274,scope,unina,it
wn274,scope,unina,it
wn274,scope,unina,it
wn273,scope,unina,it
wn273,scope,unina,it
wn273,scope,unina,it
wn273,scope,unina,it
wn273,scope,unina,it
wn273,scope,unina,it
wn273,scope,unina,it
wn273,scope,unina,it
------------------------------------------------------
PBS: qsub is running on ui-studenti,scope,unina,it
PBS: originating queue is studenti
PBS: executing queue is studenti
PBS: working directory is /homes/DMA/PDC/2024/DLSFDN02S/sommanumeri
PBS: execution mode is PBS_BATCH
PBS: job identifier is 4012135,torque02,scope,unina,it
PBS: job name is sommas3p1
PBS: node file is /var/spool/pbs/aux//4012135,torque02,scope,unina,it
PBS: current home directory is /homes/DMA/PDC/2024/DLSFDN02S
PBS: PATH = /usr/lib64/openmpi/1,2,7-gcc/bin:/usr/kerberos/bin:/opt/exp_soft/unina,it/intel/composer_xe_2013_sp1,3,174/bin/intel64:/opt/exp_soft/unina,it/intel/composer_xe_2013_sp1,3,174/mpirt/bin/intel64:/opt/exp_soft/unina,it/intel/composer_xe_2013_sp1,3,174/bin/intel64:/opt/exp_soft/unina,it/intel/composer_xe_2013_sp1,3,174/bin/intel64_mic:/opt/exp_soft/unina,it/intel/composer_xe_2013_sp1,3,174/debugger/gui/intel64:/opt/d-cache/srm/bin:/opt/d-cache/dcap/bin:/opt/edg/bin:/opt/glite/bin:/opt/globus/bin:/opt/lcg/bin:/usr/local/bin:/bin:/usr/bin:/opt/exp_soft/HADOOP/hadoop-1,0,3/bin:/opt/exp_soft/unina,it/intel/composerxe/bin/intel64/:/opt/exp_soft/unina,it/MPJExpress/mpj-v0_38/bin:/homes/DMA/PDC/2024/DLSFDN02S/bin
------------------------------------------------------
Sono il processo 0, la somma totale calcolata con la terza strategia e' 5100
Sono il processo 0, la somma totale calcolata con la terza strategia e' 5100
Sono il processo 0, la somma totale calcolata con la terza strategia e' 5100
Sono il processo 0, la somma totale calcolata con la terza strategia e' 5100
Sono il processo 0, la somma totale calcolata con la terza strategia e' 5100
Sono il processo 0, la somma totale calcolata con la terza strategia e' 5100
Sono il processo 0, la somma totale calcolata con la terza strategia e' 5100
Sono il processo 0, la somma totale calcolata con la terza strategia e' 5100
Sono il processo 0, la somma totale calcolata con la terza strategia e' 5100
Sono il processo 0, la somma totale calcolata con la terza strategia e' 5100
Strategia usata: 3,
Numero di input: 100,
Numero di processori:1,
Tempo impiegato: 1,192093e-06



Sono il processo 0, la somma totale calcolata con la terza strategia e' 5100
Sono il processo 1, la somma totale calcolata con la terza strategia e' 5100
Sono il processo 0, la somma totale calcolata con la terza strategia e' 5100
Sono il processo 1, la somma totale calcolata con la terza strategia e' 5100
Sono il processo 0, la somma totale calcolata con la terza strategia e' 5100
Sono il processo 1, la somma totale calcolata con la terza strategia e' 5100
Sono il processo 0, la somma totale calcolata con la terza strategia e' 5100
Sono il processo 1, la somma totale calcolata con la terza strategia e' 5100
Sono il processo 0, la somma totale calcolata con la terza strategia e' 5100
Sono il processo 1, la somma totale calcolata con la terza strategia e' 5100
Sono il processo 0, la somma totale calcolata con la terza strategia e' 5100
Sono il processo 1, la somma totale calcolata con la terza strategia e' 5100
Sono il processo 0, la somma totale calcolata con la terza strategia e' 5100
Sono il processo 1, la somma totale calcolata con la terza strategia e' 5100
Sono il processo 0, la somma totale calcolata con la terza strategia e' 5100
Sono il processo 1, la somma totale calcolata con la terza strategia e' 5100
Sono il processo 0, la somma totale calcolata con la terza strategia e' 5100
Sono il processo 1, la somma totale calcolata con la terza strategia e' 5100
Sono il processo 0, la somma totale calcolata con la terza strategia e' 5100
Strategia usata: 3,
Numero di input: 100,
Numero di processori:2,
Sono il processo 1, la somma totale calcolata con la terza strategia e' 5100
Tempo impiegato: 8,106232e-06



Sono il processo 0, la somma totale calcolata con la terza strategia e' 8200
Sono il processo 1, la somma totale calcolata con la terza strategia e' 8200
Sono il processo 3, la somma totale calcolata con la terza strategia e' 8200
Sono il processo 2, la somma totale calcolata con la terza strategia e' 8200
Sono il processo 0, la somma totale calcolata con la terza strategia e' 8200
Sono il processo 1, la somma totale calcolata con la terza strategia e' 8200
Sono il processo 3, la somma totale calcolata con la terza strategia e' 8200
Sono il processo 2, la somma totale calcolata con la terza strategia e' 8200
Sono il processo 0, la somma totale calcolata con la terza strategia e' 8200
Sono il processo 1, la somma totale calcolata con la terza strategia e' 8200
Sono il processo 3, la somma totale calcolata con la terza strategia e' 8200
Sono il processo 2, la somma totale calcolata con la terza strategia e' 8200
Sono il processo 0, la somma totale calcolata con la terza strategia e' 8200
Sono il processo 1, la somma totale calcolata con la terza strategia e' 8200
Sono il processo 2, la somma totale calcolata con la terza strategia e' 8200
Sono il processo 3, la somma totale calcolata con la terza strategia e' 8200
Sono il processo 0, la somma totale calcolata con la terza strategia e' 8200
Sono il processo 1, la somma totale calcolata con la terza strategia e' 8200
Sono il processo 3, la somma totale calcolata con la terza strategia e' 8200
Sono il processo 2, la somma totale calcolata con la terza strategia e' 8200
Sono il processo 0, la somma totale calcolata con la terza strategia e' 8200
Sono il processo 1, la somma totale calcolata con la terza strategia e' 8200
Sono il processo 3, la somma totale calcolata con la terza strategia e' 8200
Sono il processo 2, la somma totale calcolata con la terza strategia e' 8200
Sono il processo 0, la somma totale calcolata con la terza strategia e' 8200
Sono il processo 1, la somma totale calcolata con la terza strategia e' 8200
Sono il processo 3, la somma totale calcolata con la terza strategia e' 8200
Sono il processo 2, la somma totale calcolata con la terza strategia e' 8200
Sono il processo 0, la somma totale calcolata con la terza strategia e' 8200
Sono il processo 2, la somma totale calcolata con la terza strategia e' 8200
Sono il processo 1, la somma totale calcolata con la terza strategia e' 8200
Sono il processo 3, la somma totale calcolata con la terza strategia e' 8200
Sono il processo 0, la somma totale calcolata con la terza strategia e' 8200
Sono il processo 1, la somma totale calcolata con la terza strategia e' 8200
Sono il processo 3, la somma totale calcolata con la terza strategia e' 8200
Sono il processo 2, la somma totale calcolata con la terza strategia e' 8200
Sono il processo 0, la somma totale calcolata con la terza strategia e' 8200
Sono il processo 1, la somma totale calcolata con la terza strategia e' 8200
Sono il processo 3, la somma totale calcolata con la terza strategia e' 8200
Sono il processo 2, la somma totale calcolata con la terza strategia e' 8200
Strategia usata: 3,
Numero di input: 100,
Numero di processori:4,
Tempo impiegato: 5,767345e-05



Sono il processo 7, la somma totale calcolata con la terza strategia e' 2200
Sono il processo 0, la somma totale calcolata con la terza strategia e' 2200
Sono il processo 1, la somma totale calcolata con la terza strategia e' 2200
Sono il processo 3, la somma totale calcolata con la terza strategia e' 2200
Sono il processo 4, la somma totale calcolata con la terza strategia e' 2200
Sono il processo 5, la somma totale calcolata con la terza strategia e' 2200
Sono il processo 6, la somma totale calcolata con la terza strategia e' 2200
Sono il processo 2, la somma totale calcolata con la terza strategia e' 2200
Sono il processo 7, la somma totale calcolata con la terza strategia e' 2200
Sono il processo 0, la somma totale calcolata con la terza strategia e' 2200
Sono il processo 1, la somma totale calcolata con la terza strategia e' 2200
Sono il processo 3, la somma totale calcolata con la terza strategia e' 2200
Sono il processo 4, la somma totale calcolata con la terza strategia e' 2200
Sono il processo 5, la somma totale calcolata con la terza strategia e' 2200
Sono il processo 6, la somma totale calcolata con la terza strategia e' 2200
Sono il processo 2, la somma totale calcolata con la terza strategia e' 2200
Sono il processo 7, la somma totale calcolata con la terza strategia e' 2200
Sono il processo 0, la somma totale calcolata con la terza strategia e' 2200
Sono il processo 1, la somma totale calcolata con la terza strategia e' 2200
Sono il processo 3, la somma totale calcolata con la terza strategia e' 2200
Sono il processo 4, la somma totale calcolata con la terza strategia e' 2200
Sono il processo 5, la somma totale calcolata con la terza strategia e' 2200
Sono il processo 6, la somma totale calcolata con la terza strategia e' 2200
Sono il processo 2, la somma totale calcolata con la terza strategia e' 2200
Sono il processo 1, la somma totale calcolata con la terza strategia e' 2200
Sono il processo 0, la somma totale calcolata con la terza strategia e' 2200
Sono il processo 4, la somma totale calcolata con la terza strategia e' 2200
Sono il processo 2, la somma totale calcolata con la terza strategia e' 2200
Sono il processo 3, la somma totale calcolata con la terza strategia e' 2200
Sono il processo 5, la somma totale calcolata con la terza strategia e' 2200
Sono il processo 6, la somma totale calcolata con la terza strategia e' 2200
Sono il processo 7, la somma totale calcolata con la terza strategia e' 2200
Sono il processo 7, la somma totale calcolata con la terza strategia e' 2200
Sono il processo 0, la somma totale calcolata con la terza strategia e' 2200
Sono il processo 1, la somma totale calcolata con la terza strategia e' 2200
Sono il processo 3, la somma totale calcolata con la terza strategia e' 2200
Sono il processo 4, la somma totale calcolata con la terza strategia e' 2200
Sono il processo 5, la somma totale calcolata con la terza strategia e' 2200
Sono il processo 6, la somma totale calcolata con la terza strategia e' 2200
Sono il processo 2, la somma totale calcolata con la terza strategia e' 2200
Sono il processo 7, la somma totale calcolata con la terza strategia e' 2200
Sono il processo 0, la somma totale calcolata con la terza strategia e' 2200
Sono il processo 1, la somma totale calcolata con la terza strategia e' 2200
Sono il processo 3, la somma totale calcolata con la terza strategia e' 2200
Sono il processo 4, la somma totale calcolata con la terza strategia e' 2200
Sono il processo 5, la somma totale calcolata con la terza strategia e' 2200
Sono il processo 6, la somma totale calcolata con la terza strategia e' 2200
Sono il processo 2, la somma totale calcolata con la terza strategia e' 2200
Sono il processo 7, la somma totale calcolata con la terza strategia e' 2200
Sono il processo 0, la somma totale calcolata con la terza strategia e' 2200
Sono il processo 1, la somma totale calcolata con la terza strategia e' 2200
Sono il processo 3, la somma totale calcolata con la terza strategia e' 2200
Sono il processo 4, la somma totale calcolata con la terza strategia e' 2200
Sono il processo 5, la somma totale calcolata con la terza strategia e' 2200
Sono il processo 6, la somma totale calcolata con la terza strategia e' 2200
Sono il processo 2, la somma totale calcolata con la terza strategia e' 2200
Sono il processo 7, la somma totale calcolata con la terza strategia e' 2200
Sono il processo 0, la somma totale calcolata con la terza strategia e' 2200
Sono il processo 1, la somma totale calcolata con la terza strategia e' 2200
Sono il processo 3, la somma totale calcolata con la terza strategia e' 2200
Sono il processo 4, la somma totale calcolata con la terza strategia e' 2200
Sono il processo 5, la somma totale calcolata con la terza strategia e' 2200
Sono il processo 6, la somma totale calcolata con la terza strategia e' 2200
Sono il processo 2, la somma totale calcolata con la terza strategia e' 2200
Sono il processo 7, la somma totale calcolata con la terza strategia e' 2200
Sono il processo 0, la somma totale calcolata con la terza strategia e' 2200
Sono il processo 1, la somma totale calcolata con la terza strategia e' 2200
Sono il processo 3, la somma totale calcolata con la terza strategia e' 2200
Sono il processo 4, la somma totale calcolata con la terza strategia e' 2200
Sono il processo 5, la somma totale calcolata con la terza strategia e' 2200
Sono il processo 6, la somma totale calcolata con la terza strategia e' 2200
Sono il processo 2, la somma totale calcolata con la terza strategia e' 2200
Sono il processo 7, la somma totale calcolata con la terza strategia e' 2200
Sono il processo 0, la somma totale calcolata con la terza strategia e' 2200
Sono il processo 1, la somma totale calcolata con la terza strategia e' 2200
Sono il processo 3, la somma totale calcolata con la terza strategia e' 2200
Sono il processo 4, la somma totale calcolata con la terza strategia e' 2200
Sono il processo 5, la somma totale calcolata con la terza strategia e' 2200
Sono il processo 6, la somma totale calcolata con la terza strategia e' 2200
Sono il processo 2, la somma totale calcolata con la terza strategia e' 2200
Strategia usata: 3,
Numero di input: 100,
Numero di processori:8,
Tempo impiegato: 1,183987e-04



Sono il processo 0, la somma totale calcolata con la terza strategia e' 22000
Sono il processo 0, la somma totale calcolata con la terza strategia e' 22000
Sono il processo 0, la somma totale calcolata con la terza strategia e' 22000
Sono il processo 0, la somma totale calcolata con la terza strategia e' 22000
Sono il processo 0, la somma totale calcolata con la terza strategia e' 22000
Sono il processo 0, la somma totale calcolata con la terza strategia e' 22000
Sono il processo 0, la somma totale calcolata con la terza strategia e' 22000
Sono il processo 0, la somma totale calcolata con la terza strategia e' 22000
Sono il processo 0, la somma totale calcolata con la terza strategia e' 22000
Sono il processo 0, la somma totale calcolata con la terza strategia e' 22000
Strategia usata: 3,
Numero di input: 1000,
Numero di processori:1,
Tempo impiegato: 6,103516e-06



Sono il processo 0, la somma totale calcolata con la terza strategia e' 22000
Sono il processo 1, la somma totale calcolata con la terza strategia e' 22000
Sono il processo 0, la somma totale calcolata con la terza strategia e' 22000
Sono il processo 1, la somma totale calcolata con la terza strategia e' 22000
Sono il processo 1, la somma totale calcolata con la terza strategia e' 22000
Sono il processo 0, la somma totale calcolata con la terza strategia e' 22000
Sono il processo 0, la somma totale calcolata con la terza strategia e' 22000
Sono il processo 1, la somma totale calcolata con la terza strategia e' 22000
Sono il processo 1, la somma totale calcolata con la terza strategia e' 22000
Sono il processo 0, la somma totale calcolata con la terza strategia e' 22000
Sono il processo 1, la somma totale calcolata con la terza strategia e' 22000
Sono il processo 0, la somma totale calcolata con la terza strategia e' 22000
Sono il processo 0, la somma totale calcolata con la terza strategia e' 22000
Sono il processo 1, la somma totale calcolata con la terza strategia e' 22000
Sono il processo 0, la somma totale calcolata con la terza strategia e' 22000
Sono il processo 1, la somma totale calcolata con la terza strategia e' 22000
Sono il processo 0, la somma totale calcolata con la terza strategia e' 22000
Sono il processo 1, la somma totale calcolata con la terza strategia e' 22000
Sono il processo 1, la somma totale calcolata con la terza strategia e' 22000
Sono il processo 0, la somma totale calcolata con la terza strategia e' 22000
Strategia usata: 3,
Numero di input: 1000,
Numero di processori:2,
Tempo impiegato: 8,726120e-06



Sono il processo 0, la somma totale calcolata con la terza strategia e' 32000
Sono il processo 3, la somma totale calcolata con la terza strategia e' 32000
Sono il processo 1, la somma totale calcolata con la terza strategia e' 32000
Sono il processo 2, la somma totale calcolata con la terza strategia e' 32000
Sono il processo 0, la somma totale calcolata con la terza strategia e' 32000
Sono il processo 3, la somma totale calcolata con la terza strategia e' 32000
Sono il processo 1, la somma totale calcolata con la terza strategia e' 32000
Sono il processo 2, la somma totale calcolata con la terza strategia e' 32000
Sono il processo 0, la somma totale calcolata con la terza strategia e' 32000
Sono il processo 3, la somma totale calcolata con la terza strategia e' 32000
Sono il processo 1, la somma totale calcolata con la terza strategia e' 32000
Sono il processo 2, la somma totale calcolata con la terza strategia e' 32000
Sono il processo 0, la somma totale calcolata con la terza strategia e' 32000
Sono il processo 1, la somma totale calcolata con la terza strategia e' 32000
Sono il processo 2, la somma totale calcolata con la terza strategia e' 32000
Sono il processo 3, la somma totale calcolata con la terza strategia e' 32000
Sono il processo 0, la somma totale calcolata con la terza strategia e' 32000
Sono il processo 3, la somma totale calcolata con la terza strategia e' 32000
Sono il processo 1, la somma totale calcolata con la terza strategia e' 32000
Sono il processo 2, la somma totale calcolata con la terza strategia e' 32000
Sono il processo 0, la somma totale calcolata con la terza strategia e' 32000
Sono il processo 3, la somma totale calcolata con la terza strategia e' 32000
Sono il processo 1, la somma totale calcolata con la terza strategia e' 32000
Sono il processo 2, la somma totale calcolata con la terza strategia e' 32000
Sono il processo 0, la somma totale calcolata con la terza strategia e' 32000
Sono il processo 3, la somma totale calcolata con la terza strategia e' 32000
Sono il processo 1, la somma totale calcolata con la terza strategia e' 32000
Sono il processo 2, la somma totale calcolata con la terza strategia e' 32000
Sono il processo 0, la somma totale calcolata con la terza strategia e' 32000
Sono il processo 2, la somma totale calcolata con la terza strategia e' 32000
Sono il processo 3, la somma totale calcolata con la terza strategia e' 32000
Sono il processo 1, la somma totale calcolata con la terza strategia e' 32000
Sono il processo 0, la somma totale calcolata con la terza strategia e' 32000
Sono il processo 3, la somma totale calcolata con la terza strategia e' 32000
Sono il processo 1, la somma totale calcolata con la terza strategia e' 32000
Sono il processo 2, la somma totale calcolata con la terza strategia e' 32000
Sono il processo 0, la somma totale calcolata con la terza strategia e' 32000
Sono il processo 3, la somma totale calcolata con la terza strategia e' 32000
Sono il processo 1, la somma totale calcolata con la terza strategia e' 32000
Sono il processo 2, la somma totale calcolata con la terza strategia e' 32000
Strategia usata: 3,
Numero di input: 1000,
Numero di processori:4,
Tempo impiegato: 6,039143e-05



Sono il processo 7, la somma totale calcolata con la terza strategia e' 63000
Sono il processo 0, la somma totale calcolata con la terza strategia e' 63000
Sono il processo 1, la somma totale calcolata con la terza strategia e' 63000
Sono il processo 3, la somma totale calcolata con la terza strategia e' 63000
Sono il processo 4, la somma totale calcolata con la terza strategia e' 63000
Sono il processo 5, la somma totale calcolata con la terza strategia e' 63000
Sono il processo 6, la somma totale calcolata con la terza strategia e' 63000
Sono il processo 2, la somma totale calcolata con la terza strategia e' 63000
Sono il processo 7, la somma totale calcolata con la terza strategia e' 63000
Sono il processo 0, la somma totale calcolata con la terza strategia e' 63000
Sono il processo 1, la somma totale calcolata con la terza strategia e' 63000
Sono il processo 3, la somma totale calcolata con la terza strategia e' 63000
Sono il processo 4, la somma totale calcolata con la terza strategia e' 63000
Sono il processo 5, la somma totale calcolata con la terza strategia e' 63000
Sono il processo 6, la somma totale calcolata con la terza strategia e' 63000
Sono il processo 2, la somma totale calcolata con la terza strategia e' 63000
Sono il processo 7, la somma totale calcolata con la terza strategia e' 63000
Sono il processo 0, la somma totale calcolata con la terza strategia e' 63000
Sono il processo 1, la somma totale calcolata con la terza strategia e' 63000
Sono il processo 3, la somma totale calcolata con la terza strategia e' 63000
Sono il processo 4, la somma totale calcolata con la terza strategia e' 63000
Sono il processo 5, la somma totale calcolata con la terza strategia e' 63000
Sono il processo 6, la somma totale calcolata con la terza strategia e' 63000
Sono il processo 2, la somma totale calcolata con la terza strategia e' 63000
Sono il processo 1, la somma totale calcolata con la terza strategia e' 63000
Sono il processo 0, la somma totale calcolata con la terza strategia e' 63000
Sono il processo 4, la somma totale calcolata con la terza strategia e' 63000
Sono il processo 2, la somma totale calcolata con la terza strategia e' 63000
Sono il processo 3, la somma totale calcolata con la terza strategia e' 63000
Sono il processo 5, la somma totale calcolata con la terza strategia e' 63000
Sono il processo 6, la somma totale calcolata con la terza strategia e' 63000
Sono il processo 7, la somma totale calcolata con la terza strategia e' 63000
Sono il processo 7, la somma totale calcolata con la terza strategia e' 63000
Sono il processo 0, la somma totale calcolata con la terza strategia e' 63000
Sono il processo 1, la somma totale calcolata con la terza strategia e' 63000
Sono il processo 3, la somma totale calcolata con la terza strategia e' 63000
Sono il processo 4, la somma totale calcolata con la terza strategia e' 63000
Sono il processo 5, la somma totale calcolata con la terza strategia e' 63000
Sono il processo 6, la somma totale calcolata con la terza strategia e' 63000
Sono il processo 2, la somma totale calcolata con la terza strategia e' 63000
Sono il processo 7, la somma totale calcolata con la terza strategia e' 63000
Sono il processo 0, la somma totale calcolata con la terza strategia e' 63000
Sono il processo 1, la somma totale calcolata con la terza strategia e' 63000
Sono il processo 3, la somma totale calcolata con la terza strategia e' 63000
Sono il processo 4, la somma totale calcolata con la terza strategia e' 63000
Sono il processo 5, la somma totale calcolata con la terza strategia e' 63000
Sono il processo 6, la somma totale calcolata con la terza strategia e' 63000
Sono il processo 2, la somma totale calcolata con la terza strategia e' 63000
Sono il processo 7, la somma totale calcolata con la terza strategia e' 63000
Sono il processo 0, la somma totale calcolata con la terza strategia e' 63000
Sono il processo 1, la somma totale calcolata con la terza strategia e' 63000
Sono il processo 3, la somma totale calcolata con la terza strategia e' 63000
Sono il processo 4, la somma totale calcolata con la terza strategia e' 63000
Sono il processo 5, la somma totale calcolata con la terza strategia e' 63000
Sono il processo 6, la somma totale calcolata con la terza strategia e' 63000
Sono il processo 2, la somma totale calcolata con la terza strategia e' 63000
Sono il processo 7, la somma totale calcolata con la terza strategia e' 63000
Sono il processo 0, la somma totale calcolata con la terza strategia e' 63000
Sono il processo 1, la somma totale calcolata con la terza strategia e' 63000
Sono il processo 3, la somma totale calcolata con la terza strategia e' 63000
Sono il processo 4, la somma totale calcolata con la terza strategia e' 63000
Sono il processo 5, la somma totale calcolata con la terza strategia e' 63000
Sono il processo 6, la somma totale calcolata con la terza strategia e' 63000
Sono il processo 2, la somma totale calcolata con la terza strategia e' 63000
Sono il processo 7, la somma totale calcolata con la terza strategia e' 63000
Sono il processo 0, la somma totale calcolata con la terza strategia e' 63000
Sono il processo 1, la somma totale calcolata con la terza strategia e' 63000
Sono il processo 3, la somma totale calcolata con la terza strategia e' 63000
Sono il processo 4, la somma totale calcolata con la terza strategia e' 63000
Sono il processo 5, la somma totale calcolata con la terza strategia e' 63000
Sono il processo 6, la somma totale calcolata con la terza strategia e' 63000
Sono il processo 2, la somma totale calcolata con la terza strategia e' 63000
Sono il processo 7, la somma totale calcolata con la terza strategia e' 63000
Sono il processo 0, la somma totale calcolata con la terza strategia e' 63000
Sono il processo 1, la somma totale calcolata con la terza strategia e' 63000
Sono il processo 3, la somma totale calcolata con la terza strategia e' 63000
Sono il processo 4, la somma totale calcolata con la terza strategia e' 63000
Sono il processo 5, la somma totale calcolata con la terza strategia e' 63000
Sono il processo 6, la somma totale calcolata con la terza strategia e' 63000
Sono il processo 2, la somma totale calcolata con la terza strategia e' 63000
Strategia usata: 3,
Numero di input: 1000,
Numero di processori:8,
Tempo impiegato: 1,140594e-04



Sono il processo 0, la somma totale calcolata con la terza strategia e' 630000
Sono il processo 0, la somma totale calcolata con la terza strategia e' 630000
Sono il processo 0, la somma totale calcolata con la terza strategia e' 630000
Sono il processo 0, la somma totale calcolata con la terza strategia e' 630000
Sono il processo 0, la somma totale calcolata con la terza strategia e' 630000
Sono il processo 0, la somma totale calcolata con la terza strategia e' 630000
Sono il processo 0, la somma totale calcolata con la terza strategia e' 630000
Sono il processo 0, la somma totale calcolata con la terza strategia e' 630000
Sono il processo 0, la somma totale calcolata con la terza strategia e' 630000
Sono il processo 0, la somma totale calcolata con la terza strategia e' 630000
Strategia usata: 3,
Numero di input: 10000,
Numero di processori:1,
Tempo impiegato: 4,026890e-05



Sono il processo 1, la somma totale calcolata con la terza strategia e' 530000
Sono il processo 0, la somma totale calcolata con la terza strategia e' 530000
Sono il processo 1, la somma totale calcolata con la terza strategia e' 530000
Sono il processo 0, la somma totale calcolata con la terza strategia e' 530000
Sono il processo 1, la somma totale calcolata con la terza strategia e' 530000
Sono il processo 0, la somma totale calcolata con la terza strategia e' 530000
Sono il processo 1, la somma totale calcolata con la terza strategia e' 530000
Sono il processo 0, la somma totale calcolata con la terza strategia e' 530000
Sono il processo 1, la somma totale calcolata con la terza strategia e' 530000
Sono il processo 0, la somma totale calcolata con la terza strategia e' 530000
Sono il processo 1, la somma totale calcolata con la terza strategia e' 530000
Sono il processo 0, la somma totale calcolata con la terza strategia e' 530000
Sono il processo 1, la somma totale calcolata con la terza strategia e' 530000
Sono il processo 0, la somma totale calcolata con la terza strategia e' 530000
Sono il processo 1, la somma totale calcolata con la terza strategia e' 530000
Sono il processo 0, la somma totale calcolata con la terza strategia e' 530000
Sono il processo 1, la somma totale calcolata con la terza strategia e' 530000
Sono il processo 0, la somma totale calcolata con la terza strategia e' 530000
Sono il processo 1, la somma totale calcolata con la terza strategia e' 530000
Sono il processo 0, la somma totale calcolata con la terza strategia e' 530000
Strategia usata: 3,
Numero di input: 10000,
Numero di processori:2,
Tempo impiegato: 4,870892e-05



Sono il processo 0, la somma totale calcolata con la terza strategia e' 530000
Sono il processo 1, la somma totale calcolata con la terza strategia e' 530000
Sono il processo 3, la somma totale calcolata con la terza strategia e' 530000
Sono il processo 2, la somma totale calcolata con la terza strategia e' 530000
Sono il processo 0, la somma totale calcolata con la terza strategia e' 230000
Sono il processo 1, la somma totale calcolata con la terza strategia e' 230000
Sono il processo 3, la somma totale calcolata con la terza strategia e' 230000
Sono il processo 2, la somma totale calcolata con la terza strategia e' 230000
Sono il processo 0, la somma totale calcolata con la terza strategia e' 230000
Sono il processo 1, la somma totale calcolata con la terza strategia e' 230000
Sono il processo 3, la somma totale calcolata con la terza strategia e' 230000
Sono il processo 2, la somma totale calcolata con la terza strategia e' 230000
Sono il processo 0, la somma totale calcolata con la terza strategia e' 230000
Sono il processo 1, la somma totale calcolata con la terza strategia e' 230000
Sono il processo 2, la somma totale calcolata con la terza strategia e' 230000
Sono il processo 3, la somma totale calcolata con la terza strategia e' 230000
Sono il processo 0, la somma totale calcolata con la terza strategia e' 230000
Sono il processo 1, la somma totale calcolata con la terza strategia e' 230000
Sono il processo 3, la somma totale calcolata con la terza strategia e' 230000
Sono il processo 2, la somma totale calcolata con la terza strategia e' 230000
Sono il processo 0, la somma totale calcolata con la terza strategia e' 230000
Sono il processo 1, la somma totale calcolata con la terza strategia e' 230000
Sono il processo 3, la somma totale calcolata con la terza strategia e' 230000
Sono il processo 2, la somma totale calcolata con la terza strategia e' 230000
Sono il processo 0, la somma totale calcolata con la terza strategia e' 230000
Sono il processo 1, la somma totale calcolata con la terza strategia e' 230000
Sono il processo 3, la somma totale calcolata con la terza strategia e' 230000
Sono il processo 2, la somma totale calcolata con la terza strategia e' 230000
Sono il processo 0, la somma totale calcolata con la terza strategia e' 230000
Sono il processo 2, la somma totale calcolata con la terza strategia e' 230000
Sono il processo 1, la somma totale calcolata con la terza strategia e' 230000
Sono il processo 3, la somma totale calcolata con la terza strategia e' 230000
Sono il processo 0, la somma totale calcolata con la terza strategia e' 230000
Sono il processo 1, la somma totale calcolata con la terza strategia e' 230000
Sono il processo 3, la somma totale calcolata con la terza strategia e' 230000
Sono il processo 2, la somma totale calcolata con la terza strategia e' 230000
Sono il processo 0, la somma totale calcolata con la terza strategia e' 230000
Sono il processo 1, la somma totale calcolata con la terza strategia e' 230000
Sono il processo 3, la somma totale calcolata con la terza strategia e' 230000
Sono il processo 2, la somma totale calcolata con la terza strategia e' 230000
Strategia usata: 3,
Numero di input: 10000,
Numero di processori:4,
Tempo impiegato: 6,935596e-05



Sono il processo 7, la somma totale calcolata con la terza strategia e' 421424
Sono il processo 0, la somma totale calcolata con la terza strategia e' 421424
Sono il processo 1, la somma totale calcolata con la terza strategia e' 421424
Sono il processo 3, la somma totale calcolata con la terza strategia e' 421424
Sono il processo 2, la somma totale calcolata con la terza strategia e' 421424
Sono il processo 5, la somma totale calcolata con la terza strategia e' 421424
Sono il processo 4, la somma totale calcolata con la terza strategia e' 421424
Sono il processo 6, la somma totale calcolata con la terza strategia e' 421424
Sono il processo 7, la somma totale calcolata con la terza strategia e' 710000
Sono il processo 0, la somma totale calcolata con la terza strategia e' 710000
Sono il processo 1, la somma totale calcolata con la terza strategia e' 710000
Sono il processo 3, la somma totale calcolata con la terza strategia e' 710000
Sono il processo 2, la somma totale calcolata con la terza strategia e' 710000
Sono il processo 5, la somma totale calcolata con la terza strategia e' 710000
Sono il processo 4, la somma totale calcolata con la terza strategia e' 710000
Sono il processo 6, la somma totale calcolata con la terza strategia e' 710000
Sono il processo 7, la somma totale calcolata con la terza strategia e' 710000
Sono il processo 0, la somma totale calcolata con la terza strategia e' 710000
Sono il processo 1, la somma totale calcolata con la terza strategia e' 710000
Sono il processo 3, la somma totale calcolata con la terza strategia e' 710000
Sono il processo 2, la somma totale calcolata con la terza strategia e' 710000
Sono il processo 5, la somma totale calcolata con la terza strategia e' 710000
Sono il processo 4, la somma totale calcolata con la terza strategia e' 710000
Sono il processo 6, la somma totale calcolata con la terza strategia e' 710000
Sono il processo 0, la somma totale calcolata con la terza strategia e' 710000
Sono il processo 1, la somma totale calcolata con la terza strategia e' 710000
Sono il processo 2, la somma totale calcolata con la terza strategia e' 710000
Sono il processo 4, la somma totale calcolata con la terza strategia e' 710000
Sono il processo 3, la somma totale calcolata con la terza strategia e' 710000
Sono il processo 5, la somma totale calcolata con la terza strategia e' 710000
Sono il processo 6, la somma totale calcolata con la terza strategia e' 710000
Sono il processo 7, la somma totale calcolata con la terza strategia e' 710000
Sono il processo 7, la somma totale calcolata con la terza strategia e' 710000
Sono il processo 0, la somma totale calcolata con la terza strategia e' 710000
Sono il processo 1, la somma totale calcolata con la terza strategia e' 710000
Sono il processo 3, la somma totale calcolata con la terza strategia e' 710000
Sono il processo 2, la somma totale calcolata con la terza strategia e' 710000
Sono il processo 5, la somma totale calcolata con la terza strategia e' 710000
Sono il processo 4, la somma totale calcolata con la terza strategia e' 710000
Sono il processo 6, la somma totale calcolata con la terza strategia e' 710000
Sono il processo 7, la somma totale calcolata con la terza strategia e' 710000
Sono il processo 0, la somma totale calcolata con la terza strategia e' 710000
Sono il processo 1, la somma totale calcolata con la terza strategia e' 710000
Sono il processo 3, la somma totale calcolata con la terza strategia e' 710000
Sono il processo 2, la somma totale calcolata con la terza strategia e' 710000
Sono il processo 5, la somma totale calcolata con la terza strategia e' 710000
Sono il processo 4, la somma totale calcolata con la terza strategia e' 710000
Sono il processo 6, la somma totale calcolata con la terza strategia e' 710000
Sono il processo 7, la somma totale calcolata con la terza strategia e' 710000
Sono il processo 0, la somma totale calcolata con la terza strategia e' 710000
Sono il processo 1, la somma totale calcolata con la terza strategia e' 710000
Sono il processo 3, la somma totale calcolata con la terza strategia e' 710000
Sono il processo 2, la somma totale calcolata con la terza strategia e' 710000
Sono il processo 5, la somma totale calcolata con la terza strategia e' 710000
Sono il processo 4, la somma totale calcolata con la terza strategia e' 710000
Sono il processo 6, la somma totale calcolata con la terza strategia e' 710000
Sono il processo 0, la somma totale calcolata con la terza strategia e' 710000
Sono il processo 1, la somma totale calcolata con la terza strategia e' 710000
Sono il processo 2, la somma totale calcolata con la terza strategia e' 710000
Sono il processo 5, la somma totale calcolata con la terza strategia e' 710000
Sono il processo 4, la somma totale calcolata con la terza strategia e' 710000
Sono il processo 6, la somma totale calcolata con la terza strategia e' 710000
Sono il processo 7, la somma totale calcolata con la terza strategia e' 710000
Sono il processo 3, la somma totale calcolata con la terza strategia e' 710000
Sono il processo 7, la somma totale calcolata con la terza strategia e' 710000
Sono il processo 0, la somma totale calcolata con la terza strategia e' 710000
Sono il processo 1, la somma totale calcolata con la terza strategia e' 710000
Sono il processo 3, la somma totale calcolata con la terza strategia e' 710000
Sono il processo 2, la somma totale calcolata con la terza strategia e' 710000
Sono il processo 5, la somma totale calcolata con la terza strategia e' 710000
Sono il processo 4, la somma totale calcolata con la terza strategia e' 710000
Sono il processo 6, la somma totale calcolata con la terza strategia e' 710000
Sono il processo 7, la somma totale calcolata con la terza strategia e' 710000
Sono il processo 0, la somma totale calcolata con la terza strategia e' 710000
Sono il processo 1, la somma totale calcolata con la terza strategia e' 710000
Sono il processo 3, la somma totale calcolata con la terza strategia e' 710000
Sono il processo 2, la somma totale calcolata con la terza strategia e' 710000
Sono il processo 5, la somma totale calcolata con la terza strategia e' 710000
Sono il processo 4, la somma totale calcolata con la terza strategia e' 710000
Sono il processo 6, la somma totale calcolata con la terza strategia e' 710000
Strategia usata: 3,
Numero di input: 10000,
Numero di processori:8,
Tempo impiegato: 1,375437e-04



------------------------------------------------------
