wn280.scope.unina.it
wn280.scope.unina.it
wn280.scope.unina.it
wn280.scope.unina.it
wn280.scope.unina.it
wn280.scope.unina.it
wn280.scope.unina.it
wn280.scope.unina.it
wn279.scope.unina.it
wn279.scope.unina.it
wn279.scope.unina.it
wn279.scope.unina.it
wn279.scope.unina.it
wn279.scope.unina.it
wn279.scope.unina.it
wn279.scope.unina.it
wn278.scope.unina.it
wn278.scope.unina.it
wn278.scope.unina.it
wn278.scope.unina.it
wn278.scope.unina.it
wn278.scope.unina.it
wn278.scope.unina.it
wn278.scope.unina.it
wn277.scope.unina.it
wn277.scope.unina.it
wn277.scope.unina.it
wn277.scope.unina.it
wn277.scope.unina.it
wn277.scope.unina.it
wn277.scope.unina.it
wn277.scope.unina.it
wn276.scope.unina.it
wn276.scope.unina.it
wn276.scope.unina.it
wn276.scope.unina.it
wn276.scope.unina.it
wn276.scope.unina.it
wn276.scope.unina.it
wn276.scope.unina.it
wn275.scope.unina.it
wn275.scope.unina.it
wn275.scope.unina.it
wn275.scope.unina.it
wn275.scope.unina.it
wn275.scope.unina.it
wn275.scope.unina.it
wn275.scope.unina.it
wn274.scope.unina.it
wn274.scope.unina.it
wn274.scope.unina.it
wn274.scope.unina.it
wn274.scope.unina.it
wn274.scope.unina.it
wn274.scope.unina.it
wn274.scope.unina.it
wn273.scope.unina.it
wn273.scope.unina.it
wn273.scope.unina.it
wn273.scope.unina.it
wn273.scope.unina.it
wn273.scope.unina.it
wn273.scope.unina.it
wn273.scope.unina.it
---------------------------
This job is allocated on  CPU(s).
Job is running on node(s):
wn273.scope.unina.it
wn274.scope.unina.it
wn275.scope.unina.it
wn276.scope.unina.it
wn277.scope.unina.it
wn278.scope.unina.it
wn279.scope.unina.it
wn280.scope.unina.it
----------------------
PBS: qsub is running on ui-studenti.scope.unina.it
PBS: originating queue is studenti
PBS: executing queue is studenti
PBS: working directory is /homes/DMA/PDC/2024/SSVLSN00P/prodottomatmat
PBS: execution mode is PBS_BATCH
PBS: job identifier is 4020326.torque02.scope.unina.it
PBS: job name is prodottomatmat
PBS: node file is /var/spool/pbs/aux//4020326.torque02.scope.unina.it
PBS: current home directory is /homes/DMA/PDC/2024/SSVLSN00P
PBS: PATH = /usr/lib64/openmpi/1.2.7-gcc/bin:/usr/kerberos/bin:/opt/exp_soft/unina.it/intel/composer_xe_2013_sp1.3.174/bin/intel64:/opt/exp_soft/unina.it/intel/composer_xe_2013_sp1.3.174/mpirt/bin/intel64:/opt/exp_soft/unina.it/intel/composer_xe_2013_sp1.3.174/bin/intel64:/opt/exp_soft/unina.it/intel/composer_xe_2013_sp1.3.174/bin/intel64_mic:/opt/exp_soft/unina.it/intel/composer_xe_2013_sp1.3.174/debugger/gui/intel64:/opt/d-cache/srm/bin:/opt/d-cache/dcap/bin:/opt/edg/bin:/opt/glite/bin:/opt/globus/bin:/opt/lcg/bin:/usr/local/bin:/bin:/usr/bin:/opt/exp_soft/HADOOP/hadoop-1.0.3/bin:/opt/exp_soft/unina.it/intel/composerxe/bin/intel64/:/opt/exp_soft/unina.it/MPJExpress/mpj-v0_38/bin:/homes/DMA/PDC/2024/SSVLSN00P/bin
----------------------
Compilazione: /usr/lib64/openmpi/1.4-gcc/bin/mpicc -o /homes/DMA/PDC/2024/SSVLSN00P/prodottomatmat/prodottomatmat /homes/DMA/PDC/2024/SSVLSN00P/prodottomatmat/prodottomatmat.c /homes/DMA/PDC/2024/SSVLSN00P/prodottomatmat/ex2.c /homes/DMA/PDC/2024/SSVLSN00P/prodottomatmat/ex3.c
Esecuzione: /usr/lib64/openmpi/1.4-gcc/bin/mpiexec -machinefile hostlist -np 1 /homes/DMA/PDC/2024/SSVLSN00P/prodottomatmat/prodottomatmat 100
Dimensione matrice: 100x100,
Numero di processi: 1,
Tempo impiegato: 1.110911e-02



Dimensione matrice: 100x100,
Numero di processi: 1,
Tempo impiegato: 1.024389e-02



Dimensione matrice: 100x100,
Numero di processi: 1,
Tempo impiegato: 1.019502e-02



Dimensione matrice: 100x100,
Numero di processi: 1,
Tempo impiegato: 1.016808e-02



Dimensione matrice: 100x100,
Numero di processi: 1,
Tempo impiegato: 1.017785e-02



Dimensione matrice: 100x100,
Numero di processi: 1,
Tempo impiegato: 1.016808e-02



Dimensione matrice: 100x100,
Numero di processi: 1,
Tempo impiegato: 1.018000e-02



Dimensione matrice: 100x100,
Numero di processi: 1,
Tempo impiegato: 1.016784e-02



Dimensione matrice: 100x100,
Numero di processi: 1,
Tempo impiegato: 1.017690e-02



Dimensione matrice: 100x100,
Numero di processi: 1,
Tempo impiegato: 1.016808e-02



Esecuzione: /usr/lib64/openmpi/1.4-gcc/bin/mpiexec -machinefile hostlist -np 4 /homes/DMA/PDC/2024/SSVLSN00P/prodottomatmat/prodottomatmat 100
Dimensione matrice: 100x100,
Numero di processi: 4,
Tempo impiegato: 3.364086e-03



Dimensione matrice: 100x100,
Numero di processi: 4,
Tempo impiegato: 3.002167e-03



Dimensione matrice: 100x100,
Numero di processi: 4,
Tempo impiegato: 3.277063e-03



Dimensione matrice: 100x100,
Numero di processi: 4,
Tempo impiegato: 3.008842e-03



Dimensione matrice: 100x100,
Numero di processi: 4,
Tempo impiegato: 2.896070e-03



Dimensione matrice: 100x100,
Numero di processi: 4,
Tempo impiegato: 2.581120e-03



Dimensione matrice: 100x100,
Numero di processi: 4,
Tempo impiegato: 2.573013e-03



Dimensione matrice: 100x100,
Numero di processi: 4,
Tempo impiegato: 2.583027e-03



Dimensione matrice: 100x100,
Numero di processi: 4,
Tempo impiegato: 2.573967e-03



Dimensione matrice: 100x100,
Numero di processi: 4,
Tempo impiegato: 2.584934e-03



Esecuzione: /usr/lib64/openmpi/1.4-gcc/bin/mpiexec -machinefile hostlist -np 1 /homes/DMA/PDC/2024/SSVLSN00P/prodottomatmat/prodottomatmat 500
Dimensione matrice: 500x500,
Numero di processi: 1,
Tempo impiegato: 1.463085e+00



Dimensione matrice: 500x500,
Numero di processi: 1,
Tempo impiegato: 1.462057e+00



Dimensione matrice: 500x500,
Numero di processi: 1,
Tempo impiegato: 1.462057e+00



Dimensione matrice: 500x500,
Numero di processi: 1,
Tempo impiegato: 1.461959e+00



Dimensione matrice: 500x500,
Numero di processi: 1,
Tempo impiegato: 1.461998e+00



Dimensione matrice: 500x500,
Numero di processi: 1,
Tempo impiegato: 1.462383e+00



Dimensione matrice: 500x500,
Numero di processi: 1,
Tempo impiegato: 1.460127e+00



Dimensione matrice: 500x500,
Numero di processi: 1,
Tempo impiegato: 1.457850e+00



Dimensione matrice: 500x500,
Numero di processi: 1,
Tempo impiegato: 1.457846e+00



Dimensione matrice: 500x500,
Numero di processi: 1,
Tempo impiegato: 1.458044e+00



Esecuzione: /usr/lib64/openmpi/1.4-gcc/bin/mpiexec -machinefile hostlist -np 4 /homes/DMA/PDC/2024/SSVLSN00P/prodottomatmat/prodottomatmat 500
Dimensione matrice: 500x500,
Numero di processi: 4,
Tempo impiegato: 3.213880e-01



Dimensione matrice: 500x500,
Numero di processi: 4,
Tempo impiegato: 3.191149e-01



Dimensione matrice: 500x500,
Numero di processi: 4,
Tempo impiegato: 3.192220e-01



Dimensione matrice: 500x500,
Numero di processi: 4,
Tempo impiegato: 3.191378e-01



Dimensione matrice: 500x500,
Numero di processi: 4,
Tempo impiegato: 3.191011e-01



Dimensione matrice: 500x500,
Numero di processi: 4,
Tempo impiegato: 3.191421e-01



Dimensione matrice: 500x500,
Numero di processi: 4,
Tempo impiegato: 3.192458e-01



Dimensione matrice: 500x500,
Numero di processi: 4,
Tempo impiegato: 3.191221e-01



Dimensione matrice: 500x500,
Numero di processi: 4,
Tempo impiegato: 3.196330e-01



Dimensione matrice: 500x500,
Numero di processi: 4,
Tempo impiegato: 3.192019e-01



Esecuzione: /usr/lib64/openmpi/1.4-gcc/bin/mpiexec -machinefile hostlist -np 1 /homes/DMA/PDC/2024/SSVLSN00P/prodottomatmat/prodottomatmat 1000
Dimensione matrice: 1000x1000,
Numero di processi: 1,
Tempo impiegato: 1.380955e+01



Dimensione matrice: 1000x1000,
Numero di processi: 1,
Tempo impiegato: 1.376750e+01



Dimensione matrice: 1000x1000,
Numero di processi: 1,
Tempo impiegato: 1.376811e+01



Dimensione matrice: 1000x1000,
Numero di processi: 1,
Tempo impiegato: 1.376766e+01



Dimensione matrice: 1000x1000,
Numero di processi: 1,
Tempo impiegato: 1.376668e+01



Dimensione matrice: 1000x1000,
Numero di processi: 1,
Tempo impiegato: 1.376731e+01



Dimensione matrice: 1000x1000,
Numero di processi: 1,
Tempo impiegato: 1.376765e+01



Dimensione matrice: 1000x1000,
Numero di processi: 1,
Tempo impiegato: 1.376824e+01



Dimensione matrice: 1000x1000,
Numero di processi: 1,
Tempo impiegato: 1.376655e+01



Dimensione matrice: 1000x1000,
Numero di processi: 1,
Tempo impiegato: 1.376806e+01



Esecuzione: /usr/lib64/openmpi/1.4-gcc/bin/mpiexec -machinefile hostlist -np 4 /homes/DMA/PDC/2024/SSVLSN00P/prodottomatmat/prodottomatmat 1000
Dimensione matrice: 1000x1000,
Numero di processi: 4,
Tempo impiegato: 2.937770e+00



Dimensione matrice: 1000x1000,
Numero di processi: 4,
Tempo impiegato: 2.933468e+00



Dimensione matrice: 1000x1000,
Numero di processi: 4,
Tempo impiegato: 2.933369e+00



Dimensione matrice: 1000x1000,
Numero di processi: 4,
Tempo impiegato: 2.933200e+00



Dimensione matrice: 1000x1000,
Numero di processi: 4,
Tempo impiegato: 2.933500e+00



Dimensione matrice: 1000x1000,
Numero di processi: 4,
Tempo impiegato: 2.933463e+00



Dimensione matrice: 1000x1000,
Numero di processi: 4,
Tempo impiegato: 2.933089e+00



Dimensione matrice: 1000x1000,
Numero di processi: 4,
Tempo impiegato: 2.933294e+00



Dimensione matrice: 1000x1000,
Numero di processi: 4,
Tempo impiegato: 2.933200e+00



Dimensione matrice: 1000x1000,
Numero di processi: 4,
Tempo impiegato: 2.933304e+00



