wn280.scope.unina.it
wn280.scope.unina.it
wn280.scope.unina.it
wn280.scope.unina.it
wn280.scope.unina.it
wn280.scope.unina.it
wn280.scope.unina.it
wn280.scope.unina.it
wn279.scope.unina.it
wn279.scope.unina.it
wn279.scope.unina.it
wn279.scope.unina.it
wn279.scope.unina.it
wn279.scope.unina.it
wn279.scope.unina.it
wn279.scope.unina.it
wn278.scope.unina.it
wn278.scope.unina.it
wn278.scope.unina.it
wn278.scope.unina.it
wn278.scope.unina.it
wn278.scope.unina.it
wn278.scope.unina.it
wn278.scope.unina.it
wn277.scope.unina.it
wn277.scope.unina.it
wn277.scope.unina.it
wn277.scope.unina.it
wn277.scope.unina.it
wn277.scope.unina.it
wn277.scope.unina.it
wn277.scope.unina.it
wn276.scope.unina.it
wn276.scope.unina.it
wn276.scope.unina.it
wn276.scope.unina.it
wn276.scope.unina.it
wn276.scope.unina.it
wn276.scope.unina.it
wn276.scope.unina.it
wn275.scope.unina.it
wn275.scope.unina.it
wn275.scope.unina.it
wn275.scope.unina.it
wn275.scope.unina.it
wn275.scope.unina.it
wn275.scope.unina.it
wn275.scope.unina.it
wn274.scope.unina.it
wn274.scope.unina.it
wn274.scope.unina.it
wn274.scope.unina.it
wn274.scope.unina.it
wn274.scope.unina.it
wn274.scope.unina.it
wn274.scope.unina.it
wn273.scope.unina.it
wn273.scope.unina.it
wn273.scope.unina.it
wn273.scope.unina.it
wn273.scope.unina.it
wn273.scope.unina.it
wn273.scope.unina.it
wn273.scope.unina.it
---------------------------
This job is allocated on  CPU(s).
Job is running on node(s):
wn273.scope.unina.it
wn274.scope.unina.it
wn275.scope.unina.it
wn276.scope.unina.it
wn277.scope.unina.it
wn278.scope.unina.it
wn279.scope.unina.it
wn280.scope.unina.it
----------------------
PBS: qsub is running on ui-studenti.scope.unina.it
PBS: originating queue is studenti
PBS: executing queue is studenti
PBS: working directory is /homes/DMA/PDC/2024/DLSFDN02S/prodottomatmat
PBS: execution mode is PBS_BATCH
PBS: job identifier is 4020436.torque02.scope.unina.it
PBS: job name is prodottomatmat
PBS: node file is /var/spool/pbs/aux//4020436.torque02.scope.unina.it
PBS: current home directory is /homes/DMA/PDC/2024/DLSFDN02S
PBS: PATH = /usr/lib64/openmpi/1.2.7-gcc/bin:/usr/kerberos/bin:/opt/exp_soft/unina.it/intel/composer_xe_2013_sp1.3.174/bin/intel64:/opt/exp_soft/unina.it/intel/composer_xe_2013_sp1.3.174/mpirt/bin/intel64:/opt/exp_soft/unina.it/intel/composer_xe_2013_sp1.3.174/bin/intel64:/opt/exp_soft/unina.it/intel/composer_xe_2013_sp1.3.174/bin/intel64_mic:/opt/exp_soft/unina.it/intel/composer_xe_2013_sp1.3.174/debugger/gui/intel64:/opt/d-cache/srm/bin:/opt/d-cache/dcap/bin:/opt/edg/bin:/opt/glite/bin:/opt/globus/bin:/opt/lcg/bin:/usr/local/bin:/bin:/usr/bin:/opt/exp_soft/HADOOP/hadoop-1.0.3/bin:/opt/exp_soft/unina.it/intel/composerxe/bin/intel64/:/opt/exp_soft/unina.it/MPJExpress/mpj-v0_38/bin:/homes/DMA/PDC/2024/DLSFDN02S/bin
----------------------
Compilazione: /usr/lib64/openmpi/1.4-gcc/bin/mpicc -o /homes/DMA/PDC/2024/DLSFDN02S/prodottomatmat/prodottomatmat /homes/DMA/PDC/2024/DLSFDN02S/prodottomatmat/prodottomatmat.c /homes/DMA/PDC/2024/DLSFDN02S/prodottomatmat/ex2.c /homes/DMA/PDC/2024/DLSFDN02S/prodottomatmat/ex3.c
Esecuzione con numero di processori 4, taglia della matrice assente

Esecuzione con numero di processori 4, taglia della matrice 0x0

Esecuzione con numero di processori 8, taglia della matrice 1x1

Esecuzione con numero di processori 4, taglia della matrice 5x5

Esecuzione con numero di processori 4, taglia della matrice 100000x100000

Esecuzione con numero di processori 4, taglia della matrice 4x4
Sono il processo numero 0 e stampo:
0 1 2 3 
4 5 6 7 
8 9 10 11 
12 13 14 15 

Sono il processo numero 0 e stampo:
15 14 13 12 
11 10 9 8 
7 6 5 4 
3 2 1 0 

Dimensione matrice: 4x4,
Numero di processi: 4,
Tempo impiegato: 2.503395e-05



Sono il processo numero 0 e stampo:
34 28 
178 156 

Sono il processo numero 1 e stampo:
22 16 
134 112 

Sono il processo numero 2 e stampo:
322 284 
466 412 

Sono il processo numero 3 e stampo:
246 208 
358 304 


Esecuzione con numero di processori 9, taglia della matrice 6x6
Sono il processo numero 0 e stampo:
0 1 2 3 4 5 
6 7 8 9 10 11 
12 13 14 15 16 17 
18 19 20 21 22 23 
24 25 26 27 28 29 
30 31 32 33 34 35 

Sono il processo numero 0 e stampo:
35 34 33 32 31 30 
29 28 27 26 25 24 
23 22 21 20 19 18 
17 16 15 14 13 12 
11 10 9 8 7 6 
5 4 3 2 1 0 

Dimensione matrice: 6x6,
Numero di processi: 9,
Tempo impiegato: 5.054951e-03



Sono il processo numero 0 e stampo:
195 180 
915 864 

Sono il processo numero 1 e stampo:
165 150 
813 762 

Sono il processo numero 2 e stampo:
135 120 
711 660 

Sono il processo numero 3 e stampo:
1635 1548 
2355 2232 

Sono il processo numero 4 e stampo:
1461 1374 
2109 1986 

Sono il processo numero 5 e stampo:
1287 1200 
1863 1740 

Sono il processo numero 6 e stampo:
3075 2916 
3795 3600 

Sono il processo numero 7 e stampo:
2757 2598 
3405 3210 

Sono il processo numero 8 e stampo:
2439 2280 
3015 2820 


