wn280.scope.unina.it
wn280.scope.unina.it
wn280.scope.unina.it
wn280.scope.unina.it
wn280.scope.unina.it
wn280.scope.unina.it
wn280.scope.unina.it
wn280.scope.unina.it
------------------------------------------------------
PBS: qsub is running on ui-studenti.scope.unina.it
PBS: originating queue is studenti
PBS: executing queue is studenti
PBS: working directory is /homes/DMA/PDC/2024/DLSFDN02S/pmatvet_mp
PBS: execution mode is PBS_BATCH
PBS: job identifier is 4017664.torque02.scope.unina.it
PBS: job name is pmatvet
PBS: node file is /var/spool/pbs/aux//4017664.torque02.scope.unina.it
PBS: current home directory is /homes/DMA/PDC/2024/DLSFDN02S
PBS: PATH = /usr/lib64/openmpi/1.2.7-gcc/bin:/usr/kerberos/bin:/opt/exp_soft/unina.it/intel/composer_xe_2013_sp1.3.174/bin/intel64:/opt/exp_soft/unina.it/intel/composer_xe_2013_sp1.3.174/mpirt/bin/intel64:/opt/exp_soft/unina.it/intel/composer_xe_2013_sp1.3.174/bin/intel64:/opt/exp_soft/unina.it/intel/composer_xe_2013_sp1.3.174/bin/intel64_mic:/opt/exp_soft/unina.it/intel/composer_xe_2013_sp1.3.174/debugger/gui/intel64:/opt/d-cache/srm/bin:/opt/d-cache/dcap/bin:/opt/edg/bin:/opt/glite/bin:/opt/globus/bin:/opt/lcg/bin:/usr/local/bin:/bin:/usr/bin:/opt/exp_soft/HADOOP/hadoop-1.0.3/bin:/opt/exp_soft/unina.it/intel/composerxe/bin/intel64/:/opt/exp_soft/unina.it/MPJExpress/mpj-v0_38/bin:/homes/DMA/PDC/2024/DLSFDN02S/bin
------------------------------------------------------
Test con 1 thread, taglia della matrice 100x100, tempo impiegato medio 1.188755e-04
Test con 1 thread, taglia della matrice 1000x1000, tempo impiegato medio 1.010146e-02
Test con 1 thread, taglia della matrice 10000x10000, tempo impiegato medio 1.010889e+00
Test con 2 thread, taglia della matrice 100x100, tempo impiegato medio 2.767324e-04
Test con 2 thread, taglia della matrice 1000x1000, tempo impiegato medio 5.630517e-03
Test con 2 thread, taglia della matrice 10000x10000, tempo impiegato medio 5.059458e-01
Test con 4 thread, taglia della matrice 100x100, tempo impiegato medio 4.023790e-04
Test con 4 thread, taglia della matrice 1000x1000, tempo impiegato medio 3.327727e-03
Test con 4 thread, taglia della matrice 10000x10000, tempo impiegato medio 2.550608e-01
Test con 8 thread, taglia della matrice 100x100, tempo impiegato medio 5.172968e-04
Test con 8 thread, taglia della matrice 1000x1000, tempo impiegato medio 2.224636e-03
Test con 8 thread, taglia della matrice 10000x10000, tempo impiegato medio 1.331357e-01
------------------------------------------------------
